\BOOKMARK [1][-]{section*.1}{\376\377\144\130\211\201}{}% 1
\BOOKMARK [1][-]{section.1}{\376\377\225\356\230\230\221\315\217\360\116\016\122\006\147\220}{}% 2
\BOOKMARK [2][-]{subsection.1.1}{\376\377\225\356\230\230\200\314\146\157\116\016\145\160\143\156}{section.1}% 3
\BOOKMARK [2][-]{subsection.1.2}{\376\377\126\333\116\052\133\120\225\356\230\230}{section.1}% 4
\BOOKMARK [2][-]{subsection.1.3}{\376\377\140\073\117\123\154\102\211\343\150\106\147\266}{section.1}% 5
\BOOKMARK [1][-]{section.2}{\376\377\152\041\127\213\120\107\213\276}{}% 6
\BOOKMARK [1][-]{section.3}{\376\377\173\046\123\367\213\364\146\016}{}% 7
\BOOKMARK [1][-]{section.4}{\376\377\145\160\143\156\230\204\131\004\164\006}{}% 8
\BOOKMARK [2][-]{subsection.4.1}{\376\377\145\345\200\132\124\010}{section.4}% 9
\BOOKMARK [2][-]{subsection.4.2}{\376\377\137\002\136\070\120\074\122\124\226\144}{section.4}% 10
\BOOKMARK [2][-]{subsection.4.3}{\376\377\176\364\142\244\116\213\116\366\143\007\150\007\147\204\220\040}{section.4}% 11
\BOOKMARK [1][-]{section.5}{\376\377\000Q\0001\000\040\152\041\127\213\136\372\172\313\116\016\154\102\211\343}{}% 12
\BOOKMARK [2][-]{subsection.5.1}{\376\377\126\372\133\232\145\110\136\224\126\336\137\122\152\041\127\213}{section.5}% 13
\BOOKMARK [2][-]{subsection.5.2}{\376\377\000O\000L\000S\000\040\154\102\211\343\176\323\147\234}{section.5}% 14
\BOOKMARK [2][-]{subsection.5.3}{\376\377\150\070\137\303\210\115\165\037\143\007\150\007}{section.5}% 15
\BOOKMARK [2][-]{subsection.5.4}{\376\377\000A\0004\000\040\000/\000\040\000A\0006\000\040\137\002\136\070\116\012\123\107\213\364\146\016}{section.5}% 16
\BOOKMARK [2][-]{subsection.5.5}{\376\377\000Q\0001\000\040\116\073\211\201\126\376\210\150}{section.5}% 17
\BOOKMARK [1][-]{section.6}{\376\377\000Q\0002\000\040\152\041\127\213\136\372\172\313\116\016\154\102\211\343}{}% 18
\BOOKMARK [2][-]{subsection.6.1}{\376\377\137\123\122\115\126\372\133\232\176\364\142\244\211\304\137\213}{section.6}% 19
\BOOKMARK [2][-]{subsection.6.2}{\376\377\175\057\171\357\176\364\142\244\230\171\166\204\000\040\000C\000V\000\040\220\011\123\302}{section.6}% 20
\BOOKMARK [2][-]{subsection.6.3}{\376\377\176\277\140\047\000\040\000v\000s\000\040\143\007\145\160\210\160\121\317\153\324\217\203}{section.6}% 21
\BOOKMARK [2][-]{subsection.6.4}{\376\377\124\021\122\115\000\040\0001\0000\000\040\136\164\116\377\167\037\116\016\133\377\124\175\122\044\133\232}{section.6}% 22
\BOOKMARK [2][-]{subsection.6.5}{\376\377\0001\0000\000\040\123\360\133\377\124\175\230\204\155\113\176\323\147\234}{section.6}% 23
\BOOKMARK [1][-]{section.7}{\376\377\000Q\0003\000\040\152\041\127\213\136\372\172\313\116\016\154\102\211\343}{}% 24
\BOOKMARK [2][-]{subsection.7.1}{\376\377\117\030\123\026\166\356\150\007\377\032\173\111\120\074\136\164\123\026\142\020\147\054\377\010\000E\000A\000C\377\011}{section.7}% 25
\BOOKMARK [2][-]{subsection.7.2}{\376\377\121\263\173\126\123\330\221\317\116\016\176\246\147\137}{section.7}% 26
\BOOKMARK [2][-]{subsection.7.3}{\376\377\154\102\211\343\145\271\154\325\377\032\177\121\150\074\144\034\175\042}{section.7}% 27
\BOOKMARK [2][-]{subsection.7.4}{\376\377\0001\0000\000\040\123\360\147\000\117\030\176\364\142\244\145\271\150\110}{section.7}% 28
\BOOKMARK [2][-]{subsection.7.5}{\376\377\137\123\122\115\211\304\137\213\000\040\000v\000s\000\040\147\000\117\030\211\304\137\213\133\371\153\324}{section.7}% 29
\BOOKMARK [1][-]{section.8}{\376\377\000Q\0004\000\040\152\041\127\213\136\372\172\313\116\016\154\102\211\343}{}% 30
\BOOKMARK [2][-]{subsection.8.1}{\376\377\145\117\141\037\140\047\122\006\147\220\213\276\213\241}{section.8}% 31
\BOOKMARK [2][-]{subsection.8.2}{\376\377\122\240\220\037\213\241\173\227}{section.8}% 32
\BOOKMARK [2][-]{subsection.8.3}{\376\377\137\071\140\047\122\006\147\220}{section.8}% 33
\BOOKMARK [2][-]{subsection.8.4}{\376\377\145\271\150\110\172\063\120\145\140\047}{section.8}% 34
\BOOKMARK [2][-]{subsection.8.5}{\376\377\200\124\124\010\145\117\141\037\140\047\116\016\147\201\172\357\127\072\146\157}{section.8}% 35
\BOOKMARK [1][-]{section.9}{\376\377\152\041\127\213\213\304\116\367\116\016\145\071\217\333}{}% 36
\BOOKMARK [2][-]{subsection.9.1}{\376\377\117\030\160\271}{section.9}% 37
\BOOKMARK [2][-]{subsection.9.2}{\376\377\177\072\160\271}{section.9}% 38
\BOOKMARK [2][-]{subsection.9.3}{\376\377\145\071\217\333\145\271\124\021}{section.9}% 39
\BOOKMARK [1][-]{appendix.A}{\376\377\000Q\0001\000\040\000O\000L\000S\000\040\174\373\145\160\133\214\145\164\122\027\210\150}{}% 40
\BOOKMARK [1][-]{appendix.B}{\376\377\150\070\137\303\116\343\170\001\162\107\153\265}{}% 41
\BOOKMARK [2][-]{subsection.B.1}{\376\377\000Q\0001\000\040\116\073\126\336\137\122}{appendix.B}% 42
\BOOKMARK [2][-]{subsection.B.2}{\376\377\000Q\0003\000\040\177\121\150\074\144\034\175\042}{appendix.B}% 43
\BOOKMARK [2][-]{subsection.B.3}{\376\377\000Q\0004\000\040\122\240\220\037\221\315\213\241\173\227}{appendix.B}% 44
\BOOKMARK [1][-]{appendix.C}{\376\377\133\214\145\164\145\160\143\156\145\207\116\366\156\005\123\125}{}% 45
